<?xml version="1.0" encoding="UTF-8"?>
<!-- Generated by org.testng.reporters.JUnitReportReporter -->
<testsuite skipped="0" hostname="MeitalDaniel-PC" name="TestCases.Cart_Test" tests="3" failures="0" timestamp="2020-06-14T10:02:34 IDT" time="1.451" errors="0">
  <testcase name="T03_continueToCheckout" time="0.216" classname="TestCases.Cart_Test"/>
  <system-out/>
  <testcase name="T01_validLogin" time="0.815" classname="TestCases.Cart_Test"/>
  <system-out/>
  <testcase name="T02_selectSingleItem" time="0.420" classname="TestCases.Cart_Test"/>
  <system-out/>
</testsuite> <!-- TestCases.Cart_Test -->
