<?xml version="1.0" encoding="UTF-8"?>
<!-- Generated by org.testng.reporters.JUnitReportReporter -->
<testsuite skipped="0" hostname="MeitalDaniel-PC" name="TestCases.homepage" tests="1" failures="0" timestamp="2020-06-08T22:45:32 IDT" time="4.168" errors="0">
  <testcase name="basePageNavigation" time="4.168" classname="TestCases.homepage"/>
  <system-out/>
</testsuite> <!-- TestCases.homepage -->
