<?xml version="1.0" encoding="UTF-8"?>
<!-- Generated by org.testng.reporters.JUnitReportReporter -->
<testsuite skipped="0" hostname="MeitalDaniel-PC" name="TestCases.Checkout_Test" tests="5" failures="0" timestamp="2020-06-12T09:06:52 IDT" time="11.127" errors="0">
  <testcase name="T02_selectSingleItem" time="0.320" classname="TestCases.Checkout_Test"/>
  <system-out/>
  <testcase name="T01_validLogin" time="0.884" classname="TestCases.Checkout_Test"/>
  <system-out/>
  <testcase name="T05_checkout_StepTwo" time="0.232" classname="TestCases.Checkout_Test"/>
  <system-out/>
  <testcase name="T03_continueToCheckout" time="3.156" classname="TestCases.Checkout_Test"/>
  <system-out/>
  <testcase name="T04_checkout_StepOne" time="6.535" classname="TestCases.Checkout_Test"/>
  <system-out/>
</testsuite> <!-- TestCases.Checkout_Test -->
