<?xml version="1.0" encoding="UTF-8"?>
<!-- Generated by org.testng.reporters.JUnitReportReporter -->
<testsuite skipped="0" hostname="MeitalDaniel-PC" name="TestCases.Cart_Test" tests="3" failures="0" timestamp="2020-06-12T08:56:44 IDT" time="4.350" errors="0">
  <testcase name="T02_selectSingleItem" time="0.295" classname="TestCases.Cart_Test"/>
  <system-out/>
  <testcase name="T01_validLogin" time="0.917" classname="TestCases.Cart_Test"/>
  <system-out/>
  <testcase name="T03_continueToCheckout" time="3.138" classname="TestCases.Cart_Test"/>
  <system-out/>
</testsuite> <!-- TestCases.Cart_Test -->
