<?xml version="1.0" encoding="UTF-8"?>
<!-- Generated by org.testng.reporters.JUnitReportReporter -->
<testsuite skipped="0" hostname="MeitalDaniel-PC" name="TestCases.Cart_Test" tests="3" failures="0" timestamp="2020-06-15T17:47:45 IDT" time="2.005" errors="0">
  <testcase name="T03_continueToCheckout" time="0.985" classname="TestCases.Cart_Test"/>
  <system-out/>
  <testcase name="T01_validLogin" time="0.678" classname="TestCases.Cart_Test"/>
  <system-out/>
  <testcase name="T02_selectSingleItem" time="0.342" classname="TestCases.Cart_Test"/>
  <system-out/>
</testsuite> <!-- TestCases.Cart_Test -->
